<?xml version="1.0" encoding="UTF-8"?>
<testng-results ignored="0" total="1" passed="1" failed="0" skipped="0">
  <reporter-output>
  </reporter-output>
  <suite started-at="2021-09-26T12:42:40Z" name="Surefire suite" finished-at="2021-09-26T12:42:40Z" duration-ms="36">
    <groups>
    </groups>
    <test started-at="2021-09-26T12:42:40Z" name="Surefire test" finished-at="2021-09-26T12:42:40Z" duration-ms="36">
      <class name="WebUIAutomation.AppTest">
        <test-method signature="shouldAnswerWithTrue()" started-at="2021-09-26T12:42:40Z" name="shouldAnswerWithTrue" finished-at="2021-09-26T12:42:40Z" duration-ms="5" status="PASS">
          <reporter-output>
          </reporter-output>
        </test-method> <!-- shouldAnswerWithTrue -->
      </class> <!-- WebUIAutomation.AppTest -->
    </test> <!-- Surefire test -->
  </suite> <!-- Surefire suite -->
</testng-results>
